<?xml version="1.0" encoding="UTF-8"?>
<testng-results skipped="0" failed="0" total="1" passed="1">
  <reporter-output>
  </reporter-output>
  <suite name="Default suite" duration-ms="24713" started-at="2014-12-07T10:39:59Z" finished-at="2014-12-07T10:40:24Z">
    <groups>
    </groups>
    <test name="Default test" duration-ms="24713" started-at="2014-12-07T10:39:59Z" finished-at="2014-12-07T10:40:24Z">
      <class name="SeleniumCI.SeleniumTest">
        <test-method status="PASS" signature="FirstClass()[pri:0, instance:SeleniumCI.SeleniumTest@6ea6d14e]" name="FirstClass" duration-ms="24642" started-at="2014-12-07T16:09:59Z" finished-at="2014-12-07T16:10:24Z">
          <reporter-output>
          </reporter-output>
        </test-method> <!-- FirstClass -->
      </class> <!-- SeleniumCI.SeleniumTest -->
    </test> <!-- Default test -->
  </suite> <!-- Default suite -->
</testng-results>
